<?xml version="1.0" encoding="UTF-8"?>
<testsuite xmlns:xsi="http://www.w3.org/2001/XMLSchema-instance" xsi:noNamespaceSchemaLocation="https://maven.apache.org/surefire/maven-surefire-plugin/xsd/surefire-test-report.xsd" name="ada.edu.demo.webtest.config.FunctionalityTests" time="0.217" tests="6" errors="0" skipped="0" failures="0">
  <properties>
[...]
</properties>
  <testcase name="testGetStudent" classname="ada.edu.demo.webtest.config.FunctionalityTests" time="0.122"/>
  <testcase name="testSaveNewStudent" classname="ada.edu.demo.webtest.config.FunctionalityTests" time="0.006"/>
  <testcase name="testErrorHandlingForInvalidData" classname="ada.edu.demo.webtest.config.FunctionalityTests" time="0.079"/>
  <testcase name="testStudentSearch" classname="ada.edu.demo.webtest.config.FunctionalityTests" time="0.002"/>
  <testcase name="testGetActiveStudents" classname="ada.edu.demo.webtest.config.FunctionalityTests" time="0.001"/>
  <testcase name="testStudentSearchById" classname="ada.edu.demo.webtest.config.FunctionalityTests" time="0.003"/>
</testsuite>